<?xml version="1.0" encoding="UTF-8"?>
<!-- Generated by org.testng.reporters.JUnitXMLReporter -->
<testsuite hostname="Tao" name="Default test" tests="3" failures="0" timestamp="25 Mar 2016 18:47:59 GMT" time="0.188" errors="0">
  <testcase name="testAvailabltNumberSeats" time="0.093" classname="WalmartTicketProjectTest.ticketServiceImpTest"/>
  <testcase name="testHoldSeats" time="0.0" classname="WalmartTicketProjectTest.ticketServiceImpTest"/>
  <testcase name="testReservedSeats" time="0.047" classname="WalmartTicketProjectTest.ticketServiceImpTest"/>
</testsuite> <!-- Default test -->
