<?xml version="1.0" encoding="UTF-8"?>
<!-- Generated by org.testng.reporters.JUnitXMLReporter -->
<testsuite hostname="Tao" name="test1" tests="5" failures="0" timestamp="25 Mar 2016 19:01:21 GMT" time="0.287" errors="0">
  <testcase name="testAvailabltNumberSeats" time="0.095" classname="WalmartTicketProjectTest.ticketServiceImpTest"/>
  <testcase name="testHoldSeats" time="0.016" classname="WalmartTicketProjectTest.ticketServiceImpTest"/>
  <testcase name="testReservedSeats" time="0.112" classname="WalmartTicketProjectTest.ticketServiceImpTest"/>
  <testcase name="testInitializedSeats" time="0.0" classname="WalmartTicketProjectTest.InitializeStadiumTest"/>
  <testcase name="testSeats" time="0.016" classname="WalmartTicketProjectTest.InitializeStadiumTest"/>
</testsuite> <!-- test1 -->
